"blank"				"=========================="
"blank"				"#GarrysMod_Keyboard_Title"
"blank"				"=========================="

"+menu"				"#GarrysMod_Keyboard_OpenSpawnmenu"
"+menu_context"		"#GarrysMod_Keyboard_OpenContextMenu"

"gmod_undo"			"#GarrysMod_Keyboard_Undo"
"gmod_cleanup"		"#GarrysMod_Keyboard_Cleanup"
"noclip"			"#GarrysMod_Keyboard_NoclipMode"
"gm_demo"			"#GarrysMod_Keyboard_RecordDemo"
"gm_video"			"#GarrysMod_Keyboard_RecordVideo"
"gmod_camera"		"#GarrysMod_Keyboard_SwitchToCamera"


"blank"				"=========================="
"blank"				"#GarrysMod_Keyboard_GameMode_Title"
"blank"				"=========================="

"gm_showhelp"		"#GarrysMod_Keyboard_ShowHelp"
"gm_showteam"		"#GarrysMod_Keyboard_ShowTeam"
"gm_showspare1"		"#GarrysMod_Keyboard_ShowSpare"
"gm_showspare2"		"#GarrysMod_Keyboard_ShowSpare2"

"blank"				"=========================="
"blank"				"#Valve_Movement_Title"
"blank"				"=========================="

"+forward"			"#Valve_Move_Forward"
"+back"				"#Valve_Move_Back"
"+moveleft"			"#Valve_Move_Left"
"+moveright"		"#Valve_Move_Right"
"+speed"			"#Valve_Sprint"
"+jump"				"#Valve_Jump"
"+duck"				"#Valve_Duck"


"blank"				"=========================="
"blank"				"#Valve_Combat_Title"
"blank"				"=========================="
"+attack"			"#Valve_Primary_Attack"
"+attack2"			"#Valve_Secondary_Attack"
"+reload"			"#Valve_Reload_Weapon"
"+use"				"#Valve_Use_Items"
"phys_swap"			"#Valve_Gravity_Gun"
"impulse 100"		"#Valve_Flashlight"
"+zoom"				"#Valve_Suit_Zoom"
"slot1"				"#Valve_Weapon_Category_1"
"slot2"				"#Valve_Weapon_Category_2"
"slot3" 			"#Valve_Weapon_Category_3"
"slot4"				"#Valve_Weapon_Category_4"
"slot5"				"#Valve_Weapon_Category_5"
"slot6"				"#Valve_Weapon_Category_6"
"slot7"				"#Valve_Weapon_Category_7"
"slot8"				"#Valve_Weapon_Category_8"
"slot9"				"#Valve_Weapon_Category_9"
"slot0"				"#Valve_Weapon_Category_0"
"invnext"			"#Valve_Next_Weapon"
"invprev"			"#Valve_Previous_Weapon"
"lastinv"			"#Valve_Last_Weapon_Used"


"blank"				"=========================="
"blank"				"#Valve_Communication_Title"
"blank"				"=========================="
"+voicerecord"		"#Valve_Use_Voice_Communication"
"messagemode"		"#Valve_Chat_Message"
"messagemode2"		"#Valve_Team_Message"


"blank"				"=========================="
"blank"				"#Valve_Miscellaneous_Title"
"blank"				"=========================="
"jpeg"				"#Valve_Take_Screen_Shot"
"+showscores"		"#Valve_Display_Scores"
"impulse 201"		"#Valve_Spray_Logo"
"pause"				"#Valve_Pause_Game"
"quit"				"#Valve_Quit_Game"


"blank"				"=========================="
"blank"				"#Valve_Miscellaneous_Keyboard_Keys_Title"
"blank"				"=========================="
"+walk"				"#Valve_Walk"
"+left"				"#Valve_Turn_Left"
"+right"			"#Valve_Turn_Right"
"+moveup"			"#Valve_Swim_Up"
"+movedown"			"#Valve_Swim_Down"
"+lookup"			"#Valve_Look_Up"
"+lookdown"			"#Valve_Look_Down"
"+strafe"			"#Valve_Strafe_Modifier"
"+klook"			"#Valve_Keyboard_Look_Modifier"
"toggleconsole"		"#Valve_Console_Toggle"

